# JRE version: OpenJDK Runtime Environment (21.0.8) (build 21.0.8+-14018985-b1038.68)
# Java VM: OpenJDK 64-Bit Server VM (21.0.8+-14018985-b1038.68, mixed mode, tiered, compressed oops, compressed class ptrs, g1 gc, windows-amd64)
GC Precious Log:
 CardTable entry size: 512
 Card Set container configuration: InlinePtr #cards 5 size 8 Array Of Cards #cards 12 size 40 Howl #buckets 4 coarsen threshold 1843 Howl Bitmap #cards 512 size 80 coarsen threshold 460 Card regions per heap region 1 cards per card region 2048
 CPUs: 8 total, 8 available
 Memory: 6030M
 Large Page Support: Disabled
 NUMA Support: Disabled
 Compressed Oops: Enabled (32-bit)
 Heap Region Size: 1M
 Heap Min Capacity: 8M
 Heap Initial Capacity: 96M
 Heap Max Capacity: 2G
 Pre-touch: Disabled
 Parallel Workers: 8
 Concurrent Workers: 2
 Concurrent Refinement Workers: 8
 Periodic GC: Disabled
Heap:
 garbage-first heap   total 414720K, used 310938K [0x0000000080000000, 0x0000000100000000)
  region size 1024K, 69 young (70656K), 10 survivors (10240K)
 Metaspace       used 210846K, committed 213760K, reserved 1245184K
  class space    used 28054K, committed 29440K, reserved 1048576K
GC Heap History (20 events):
Event: 30.233 GC heap before
{Heap before GC invocations=52 (full 0):
 garbage-first heap   total 347136K, used 257199K [0x0000000080000000, 0x0000000100000000)
  region size 1024K, 57 young (58368K), 8 survivors (8192K)
 Metaspace       used 163123K, committed 165568K, reserved 1245184K
  class space    used 21806K, committed 22976K, reserved 1048576K
}
Event: 30.246 GC heap after
{Heap after GC invocations=53 (full 0):
 garbage-first heap   total 347136K, used 216252K [0x0000000080000000, 0x0000000100000000)
  region size 1024K, 13 young (13312K), 13 survivors (13312K)
 Metaspace       used 163123K, committed 165568K, reserved 1245184K
  class space    used 21806K, committed 22976K, reserved 1048576K
}
Event: 31.071 GC heap before
{Heap before GC invocations=54 (full 0):
 garbage-first heap   total 363520K, used 306364K [0x0000000080000000, 0x0000000100000000)
  region size 1024K, 100 young (102400K), 13 survivors (13312K)
 Metaspace       used 163799K, committed 166208K, reserved 1245184K
  class space    used 21857K, committed 23040K, reserved 1048576K
}
Event: 31.087 GC heap after
{Heap after GC invocations=55 (full 0):
 garbage-first heap   total 363520K, used 225082K [0x0000000080000000, 0x0000000100000000)
  region size 1024K, 9 young (9216K), 9 survivors (9216K)
 Metaspace       used 163799K, committed 166208K, reserved 1245184K
  class space    used 21857K, committed 23040K, reserved 1048576K
}
Event: 33.396 GC heap before
{Heap before GC invocations=55 (full 0):
 garbage-first heap   total 363520K, used 324410K [0x0000000080000000, 0x0000000100000000)
  region size 1024K, 105 young (107520K), 9 survivors (9216K)
 Metaspace       used 171060K, committed 173568K, reserved 1245184K
  class space    used 22653K, committed 23872K, reserved 1048576K
}
Event: 33.410 GC heap after
{Heap after GC invocations=56 (full 0):
 garbage-first heap   total 363520K, used 231529K [0x0000000080000000, 0x0000000100000000)
  region size 1024K, 8 young (8192K), 8 survivors (8192K)
 Metaspace       used 171060K, committed 173568K, reserved 1245184K
  class space    used 22653K, committed 23872K, reserved 1048576K
}
Event: 35.057 GC heap before
{Heap before GC invocations=56 (full 0):
 garbage-first heap   total 363520K, used 327785K [0x0000000080000000, 0x0000000100000000)
  region size 1024K, 100 young (102400K), 8 survivors (8192K)
 Metaspace       used 178605K, committed 181248K, reserved 1245184K
  class space    used 23874K, committed 25152K, reserved 1048576K
}
Event: 35.070 GC heap after
{Heap after GC invocations=57 (full 0):
 garbage-first heap   total 363520K, used 228405K [0x0000000080000000, 0x0000000100000000)
  region size 1024K, 11 young (11264K), 11 survivors (11264K)
 Metaspace       used 178605K, committed 181248K, reserved 1245184K
  class space    used 23874K, committed 25152K, reserved 1048576K
}
Event: 36.848 GC heap before
{Heap before GC invocations=57 (full 0):
 garbage-first heap   total 363520K, used 328757K [0x0000000080000000, 0x0000000100000000)
  region size 1024K, 110 young (112640K), 11 survivors (11264K)
 Metaspace       used 182616K, committed 185280K, reserved 1245184K
  class space    used 24489K, committed 25728K, reserved 1048576K
}
Event: 36.867 GC heap after
{Heap after GC invocations=58 (full 0):
 garbage-first heap   total 363520K, used 235375K [0x0000000080000000, 0x0000000100000000)
  region size 1024K, 12 young (12288K), 12 survivors (12288K)
 Metaspace       used 182616K, committed 185280K, reserved 1245184K
  class space    used 24489K, committed 25728K, reserved 1048576K
}
Event: 38.156 GC heap before
{Heap before GC invocations=59 (full 0):
 garbage-first heap   total 394240K, used 329583K [0x0000000080000000, 0x0000000100000000)
  region size 1024K, 104 young (106496K), 12 survivors (12288K)
 Metaspace       used 182616K, committed 185280K, reserved 1245184K
  class space    used 24489K, committed 25728K, reserved 1048576K
}
Event: 38.170 GC heap after
{Heap after GC invocations=60 (full 0):
 garbage-first heap   total 394240K, used 239255K [0x0000000080000000, 0x0000000100000000)
  region size 1024K, 7 young (7168K), 7 survivors (7168K)
 Metaspace       used 182616K, committed 185280K, reserved 1245184K
  class space    used 24489K, committed 25728K, reserved 1048576K
}
Event: 40.299 GC heap before
{Heap before GC invocations=60 (full 0):
 garbage-first heap   total 394240K, used 360087K [0x0000000080000000, 0x0000000100000000)
  region size 1024K, 124 young (126976K), 7 survivors (7168K)
 Metaspace       used 191377K, committed 194112K, reserved 1245184K
  class space    used 25641K, committed 26944K, reserved 1048576K
}
Event: 40.315 GC heap after
{Heap after GC invocations=61 (full 0):
 garbage-first heap   total 394240K, used 241670K [0x0000000080000000, 0x0000000100000000)
  region size 1024K, 13 young (13312K), 13 survivors (13312K)
 Metaspace       used 191377K, committed 194112K, reserved 1245184K
  class space    used 25641K, committed 26944K, reserved 1048576K
}
Event: 41.288 GC heap before
{Heap before GC invocations=61 (full 0):
 garbage-first heap   total 394240K, used 294918K [0x0000000080000000, 0x0000000100000000)
  region size 1024K, 66 young (67584K), 13 survivors (13312K)
 Metaspace       used 195640K, committed 198400K, reserved 1245184K
  class space    used 26180K, committed 27520K, reserved 1048576K
}
Event: 41.303 GC heap after
{Heap after GC invocations=62 (full 0):
 garbage-first heap   total 394240K, used 244940K [0x0000000080000000, 0x0000000100000000)
  region size 1024K, 12 young (12288K), 12 survivors (12288K)
 Metaspace       used 195640K, committed 198400K, reserved 1245184K
  class space    used 26180K, committed 27520K, reserved 1048576K
}
Event: 45.451 GC heap before
{Heap before GC invocations=63 (full 0):
 garbage-first heap   total 414720K, used 361676K [0x0000000080000000, 0x0000000100000000)
  region size 1024K, 124 young (126976K), 12 survivors (12288K)
 Metaspace       used 203795K, committed 206592K, reserved 1245184K
  class space    used 27134K, committed 28480K, reserved 1048576K
}
Event: 45.471 GC heap after
{Heap after GC invocations=64 (full 0):
 garbage-first heap   total 414720K, used 251865K [0x0000000080000000, 0x0000000100000000)
  region size 1024K, 15 young (15360K), 15 survivors (15360K)
 Metaspace       used 203795K, committed 206592K, reserved 1245184K
  class space    used 27134K, committed 28480K, reserved 1048576K
}
Event: 242.010 GC heap before
{Heap before GC invocations=64 (full 0):
 garbage-first heap   total 414720K, used 375769K [0x0000000080000000, 0x0000000100000000)
  region size 1024K, 137 young (140288K), 15 survivors (15360K)
 Metaspace       used 210738K, committed 213632K, reserved 1245184K
  class space    used 28047K, committed 29440K, reserved 1048576K
}
Event: 243.260 GC heap after
{Heap after GC invocations=65 (full 0):
 garbage-first heap   total 414720K, used 251546K [0x0000000080000000, 0x0000000100000000)
  region size 1024K, 10 young (10240K), 10 survivors (10240K)
 Metaspace       used 210738K, committed 213632K, reserved 1245184K
  class space    used 28047K, committed 29440K, reserved 1048576K
}

