# JRE version: OpenJDK Runtime Environment (21.0.8) (build 21.0.8+-14018985-b1038.68)
# Java VM: OpenJDK 64-Bit Server VM (21.0.8+-14018985-b1038.68, mixed mode, tiered, compressed oops, compressed class ptrs, g1 gc, windows-amd64)
GC Precious Log:
 CardTable entry size: 512
 Card Set container configuration: InlinePtr #cards 5 size 8 Array Of Cards #cards 12 size 40 Howl #buckets 4 coarsen threshold 1843 Howl Bitmap #cards 512 size 80 coarsen threshold 460 Card regions per heap region 1 cards per card region 2048
 CPUs: 8 total, 8 available
 Memory: 6030M
 Large Page Support: Disabled
 NUMA Support: Disabled
 Compressed Oops: Enabled (32-bit)
 Heap Region Size: 1M
 Heap Min Capacity: 8M
 Heap Initial Capacity: 96M
 Heap Max Capacity: 2G
 Pre-touch: Disabled
 Parallel Workers: 8
 Concurrent Workers: 2
 Concurrent Refinement Workers: 8
 Periodic GC: Disabled
Heap:
 garbage-first heap   total 81920K, used 61526K [0x0000000080000000, 0x0000000100000000)
  region size 1024K, 2 young (2048K), 1 survivors (1024K)
 Metaspace       used 39915K, committed 40768K, reserved 1114112K
  class space    used 5655K, committed 6080K, reserved 1048576K
GC Heap History (20 events):
Event: 0.806 GC heap before
{Heap before GC invocations=0 (full 0):
 garbage-first heap   total 98304K, used 22528K [0x0000000080000000, 0x0000000100000000)
  region size 1024K, 23 young (23552K), 0 survivors (0K)
 Metaspace       used 8118K, committed 8256K, reserved 1114112K
  class space    used 749K, committed 832K, reserved 1048576K
}
Event: 0.813 GC heap after
{Heap after GC invocations=1 (full 0):
 garbage-first heap   total 98304K, used 2304K [0x0000000080000000, 0x0000000100000000)
  region size 1024K, 3 young (3072K), 3 survivors (3072K)
 Metaspace       used 8118K, committed 8256K, reserved 1114112K
  class space    used 749K, committed 832K, reserved 1048576K
}
Event: 1.980 GC heap before
{Heap before GC invocations=1 (full 0):
 garbage-first heap   total 98304K, used 40192K [0x0000000080000000, 0x0000000100000000)
  region size 1024K, 38 young (38912K), 3 survivors (3072K)
 Metaspace       used 12361K, committed 12544K, reserved 1114112K
  class space    used 1348K, committed 1408K, reserved 1048576K
}
Event: 1.992 GC heap after
{Heap after GC invocations=2 (full 0):
 garbage-first heap   total 98304K, used 10643K [0x0000000080000000, 0x0000000100000000)
  region size 1024K, 5 young (5120K), 5 survivors (5120K)
 Metaspace       used 12361K, committed 12544K, reserved 1114112K
  class space    used 1348K, committed 1408K, reserved 1048576K
}
Event: 2.751 GC heap before
{Heap before GC invocations=2 (full 0):
 garbage-first heap   total 98304K, used 57747K [0x0000000080000000, 0x0000000100000000)
  region size 1024K, 49 young (50176K), 5 survivors (5120K)
 Metaspace       used 13154K, committed 13376K, reserved 1114112K
  class space    used 1492K, committed 1600K, reserved 1048576K
}
Event: 2.766 GC heap after
{Heap after GC invocations=3 (full 0):
 garbage-first heap   total 98304K, used 16608K [0x0000000080000000, 0x0000000100000000)
  region size 1024K, 5 young (5120K), 5 survivors (5120K)
 Metaspace       used 13154K, committed 13376K, reserved 1114112K
  class space    used 1492K, committed 1600K, reserved 1048576K
}
Event: 3.840 GC heap before
{Heap before GC invocations=3 (full 0):
 garbage-first heap   total 98304K, used 40160K [0x0000000080000000, 0x0000000100000000)
  region size 1024K, 29 young (29696K), 5 survivors (5120K)
 Metaspace       used 21267K, committed 21504K, reserved 1114112K
  class space    used 2523K, committed 2624K, reserved 1048576K
}
Event: 3.846 GC heap after
{Heap after GC invocations=4 (full 0):
 garbage-first heap   total 98304K, used 20288K [0x0000000080000000, 0x0000000100000000)
  region size 1024K, 4 young (4096K), 4 survivors (4096K)
 Metaspace       used 21267K, committed 21504K, reserved 1114112K
  class space    used 2523K, committed 2624K, reserved 1048576K
}
Event: 5.595 GC heap before
{Heap before GC invocations=5 (full 0):
 garbage-first heap   total 71680K, used 58176K [0x0000000080000000, 0x0000000100000000)
  region size 1024K, 42 young (43008K), 4 survivors (4096K)
 Metaspace       used 28035K, committed 28608K, reserved 1114112K
  class space    used 3602K, committed 3840K, reserved 1048576K
}
Event: 5.604 GC heap after
{Heap after GC invocations=6 (full 0):
 garbage-first heap   total 71680K, used 22833K [0x0000000080000000, 0x0000000100000000)
  region size 1024K, 3 young (3072K), 3 survivors (3072K)
 Metaspace       used 28035K, committed 28608K, reserved 1114112K
  class space    used 3602K, committed 3840K, reserved 1048576K
}
Event: 7.656 GC heap before
{Heap before GC invocations=6 (full 0):
 garbage-first heap   total 71680K, used 54577K [0x0000000080000000, 0x0000000100000000)
  region size 1024K, 35 young (35840K), 3 survivors (3072K)
 Metaspace       used 32353K, committed 33088K, reserved 1114112K
  class space    used 4386K, committed 4736K, reserved 1048576K
}
Event: 7.662 GC heap after
{Heap after GC invocations=7 (full 0):
 garbage-first heap   total 71680K, used 25197K [0x0000000080000000, 0x0000000100000000)
  region size 1024K, 5 young (5120K), 5 survivors (5120K)
 Metaspace       used 32353K, committed 33088K, reserved 1114112K
  class space    used 4386K, committed 4736K, reserved 1048576K
}
Event: 9.054 GC heap before
{Heap before GC invocations=7 (full 0):
 garbage-first heap   total 71680K, used 45677K [0x0000000080000000, 0x0000000100000000)
  region size 1024K, 26 young (26624K), 5 survivors (5120K)
 Metaspace       used 35313K, committed 36096K, reserved 1114112K
  class space    used 4917K, committed 5312K, reserved 1048576K
}
Event: 9.060 GC heap after
{Heap after GC invocations=8 (full 0):
 garbage-first heap   total 71680K, used 26449K [0x0000000080000000, 0x0000000100000000)
  region size 1024K, 4 young (4096K), 4 survivors (4096K)
 Metaspace       used 35313K, committed 36096K, reserved 1114112K
  class space    used 4917K, committed 5312K, reserved 1048576K
}
Event: 10.060 GC heap before
{Heap before GC invocations=9 (full 0):
 garbage-first heap   total 72704K, used 70481K [0x0000000080000000, 0x0000000100000000)
  region size 1024K, 20 young (20480K), 4 survivors (4096K)
 Metaspace       used 36550K, committed 37440K, reserved 1114112K
  class space    used 5135K, committed 5568K, reserved 1048576K
}
Event: 10.069 GC heap after
{Heap after GC invocations=10 (full 0):
 garbage-first heap   total 81920K, used 61218K [0x0000000080000000, 0x0000000100000000)
  region size 1024K, 5 young (5120K), 5 survivors (5120K)
 Metaspace       used 36550K, committed 37440K, reserved 1114112K
  class space    used 5135K, committed 5568K, reserved 1048576K
}
Event: 10.545 GC heap before
{Heap before GC invocations=10 (full 0):
 garbage-first heap   total 81920K, used 71458K [0x0000000080000000, 0x0000000100000000)
  region size 1024K, 16 young (16384K), 5 survivors (5120K)
 Metaspace       used 38119K, committed 38976K, reserved 1114112K
  class space    used 5352K, committed 5760K, reserved 1048576K
}
Event: 10.550 GC heap after
{Heap after GC invocations=11 (full 0):
 garbage-first heap   total 81920K, used 61128K [0x0000000080000000, 0x0000000100000000)
  region size 1024K, 1 young (1024K), 1 survivors (1024K)
 Metaspace       used 38119K, committed 38976K, reserved 1114112K
  class space    used 5352K, committed 5760K, reserved 1048576K
}
Event: 11.062 GC heap before
{Heap before GC invocations=11 (full 0):
 garbage-first heap   total 81920K, used 73416K [0x0000000080000000, 0x0000000100000000)
  region size 1024K, 13 young (13312K), 1 survivors (1024K)
 Metaspace       used 39872K, committed 40768K, reserved 1114112K
  class space    used 5646K, committed 6080K, reserved 1048576K
}
Event: 11.065 GC heap after
{Heap after GC invocations=12 (full 0):
 garbage-first heap   total 81920K, used 61526K [0x0000000080000000, 0x0000000100000000)
  region size 1024K, 1 young (1024K), 1 survivors (1024K)
 Metaspace       used 39872K, committed 40768K, reserved 1114112K
  class space    used 5646K, committed 6080K, reserved 1048576K
}

