# JRE version: OpenJDK Runtime Environment (21.0.8) (build 21.0.8+-14018985-b1038.68)
# Java VM: OpenJDK 64-Bit Server VM (21.0.8+-14018985-b1038.68, mixed mode, tiered, compressed oops, compressed class ptrs, g1 gc, windows-amd64)
GC Precious Log:
 CardTable entry size: 512
 Card Set container configuration: InlinePtr #cards 5 size 8 Array Of Cards #cards 12 size 40 Howl #buckets 4 coarsen threshold 1843 Howl Bitmap #cards 512 size 80 coarsen threshold 460 Card regions per heap region 1 cards per card region 2048
 CPUs: 8 total, 8 available
 Memory: 6030M
 Large Page Support: Disabled
 NUMA Support: Disabled
 Compressed Oops: Enabled (32-bit)
 Heap Region Size: 1M
 Heap Min Capacity: 8M
 Heap Initial Capacity: 96M
 Heap Max Capacity: 2G
 Pre-touch: Disabled
 Parallel Workers: 8
 Concurrent Workers: 2
 Concurrent Refinement Workers: 8
 Periodic GC: Disabled
Heap:
 garbage-first heap   total 102400K, used 64240K [0x0000000080000000, 0x0000000100000000)
  region size 1024K, 5 young (5120K), 4 survivors (4096K)
 Metaspace       used 45849K, committed 46784K, reserved 1114112K
  class space    used 6342K, committed 6784K, reserved 1048576K
GC Heap History (20 events):
Event: 1.013 GC heap before
{Heap before GC invocations=0 (full 0):
 garbage-first heap   total 98304K, used 22528K [0x0000000080000000, 0x0000000100000000)
  region size 1024K, 23 young (23552K), 0 survivors (0K)
 Metaspace       used 8109K, committed 8256K, reserved 1114112K
  class space    used 749K, committed 832K, reserved 1048576K
}
Event: 1.018 GC heap after
{Heap after GC invocations=1 (full 0):
 garbage-first heap   total 98304K, used 2432K [0x0000000080000000, 0x0000000100000000)
  region size 1024K, 3 young (3072K), 3 survivors (3072K)
 Metaspace       used 8109K, committed 8256K, reserved 1114112K
  class space    used 749K, committed 832K, reserved 1048576K
}
Event: 2.215 GC heap before
{Heap before GC invocations=1 (full 0):
 garbage-first heap   total 98304K, used 40320K [0x0000000080000000, 0x0000000100000000)
  region size 1024K, 38 young (38912K), 3 survivors (3072K)
 Metaspace       used 12340K, committed 12544K, reserved 1114112K
  class space    used 1348K, committed 1408K, reserved 1048576K
}
Event: 2.228 GC heap after
{Heap after GC invocations=2 (full 0):
 garbage-first heap   total 98304K, used 10594K [0x0000000080000000, 0x0000000100000000)
  region size 1024K, 5 young (5120K), 5 survivors (5120K)
 Metaspace       used 12340K, committed 12544K, reserved 1114112K
  class space    used 1348K, committed 1408K, reserved 1048576K
}
Event: 3.023 GC heap before
{Heap before GC invocations=2 (full 0):
 garbage-first heap   total 98304K, used 57698K [0x0000000080000000, 0x0000000100000000)
  region size 1024K, 49 young (50176K), 5 survivors (5120K)
 Metaspace       used 13167K, committed 13376K, reserved 1114112K
  class space    used 1500K, committed 1600K, reserved 1048576K
}
Event: 3.036 GC heap after
{Heap after GC invocations=3 (full 0):
 garbage-first heap   total 98304K, used 16818K [0x0000000080000000, 0x0000000100000000)
  region size 1024K, 5 young (5120K), 5 survivors (5120K)
 Metaspace       used 13167K, committed 13376K, reserved 1114112K
  class space    used 1500K, committed 1600K, reserved 1048576K
}
Event: 3.726 GC heap before
{Heap before GC invocations=3 (full 0):
 garbage-first heap   total 98304K, used 40370K [0x0000000080000000, 0x0000000100000000)
  region size 1024K, 29 young (29696K), 5 survivors (5120K)
 Metaspace       used 21197K, committed 21504K, reserved 1114112K
  class space    used 2523K, committed 2688K, reserved 1048576K
}
Event: 3.732 GC heap after
{Heap after GC invocations=4 (full 0):
 garbage-first heap   total 98304K, used 20359K [0x0000000080000000, 0x0000000100000000)
  region size 1024K, 4 young (4096K), 4 survivors (4096K)
 Metaspace       used 21197K, committed 21504K, reserved 1114112K
  class space    used 2523K, committed 2688K, reserved 1048576K
}
Event: 4.714 GC heap before
{Heap before GC invocations=5 (full 0):
 garbage-first heap   total 71680K, used 59271K [0x0000000080000000, 0x0000000100000000)
  region size 1024K, 42 young (43008K), 4 survivors (4096K)
 Metaspace       used 27985K, committed 28480K, reserved 1114112K
  class space    used 3592K, committed 3840K, reserved 1048576K
}
Event: 4.722 GC heap after
{Heap after GC invocations=6 (full 0):
 garbage-first heap   total 71680K, used 22487K [0x0000000080000000, 0x0000000100000000)
  region size 1024K, 3 young (3072K), 3 survivors (3072K)
 Metaspace       used 27985K, committed 28480K, reserved 1114112K
  class space    used 3592K, committed 3840K, reserved 1048576K
}
Event: 5.820 GC heap before
{Heap before GC invocations=6 (full 0):
 garbage-first heap   total 71680K, used 55255K [0x0000000080000000, 0x0000000100000000)
  region size 1024K, 35 young (35840K), 3 survivors (3072K)
 Metaspace       used 32293K, committed 32896K, reserved 1114112K
  class space    used 4373K, committed 4672K, reserved 1048576K
}
Event: 5.825 GC heap after
{Heap after GC invocations=7 (full 0):
 garbage-first heap   total 71680K, used 24505K [0x0000000080000000, 0x0000000100000000)
  region size 1024K, 5 young (5120K), 5 survivors (5120K)
 Metaspace       used 32293K, committed 32896K, reserved 1114112K
  class space    used 4373K, committed 4672K, reserved 1048576K
}
Event: 6.197 GC heap before
{Heap before GC invocations=7 (full 0):
 garbage-first heap   total 71680K, used 44985K [0x0000000080000000, 0x0000000100000000)
  region size 1024K, 26 young (26624K), 5 survivors (5120K)
 Metaspace       used 35267K, committed 36096K, reserved 1114112K
  class space    used 4914K, committed 5312K, reserved 1048576K
}
Event: 6.204 GC heap after
{Heap after GC invocations=8 (full 0):
 garbage-first heap   total 71680K, used 25921K [0x0000000080000000, 0x0000000100000000)
  region size 1024K, 4 young (4096K), 4 survivors (4096K)
 Metaspace       used 35267K, committed 36096K, reserved 1114112K
  class space    used 4914K, committed 5312K, reserved 1048576K
}
Event: 6.661 GC heap before
{Heap before GC invocations=9 (full 0):
 garbage-first heap   total 71680K, used 69953K [0x0000000080000000, 0x0000000100000000)
  region size 1024K, 20 young (20480K), 4 survivors (4096K)
 Metaspace       used 36538K, committed 37440K, reserved 1114112K
  class space    used 5141K, committed 5568K, reserved 1048576K
}
Event: 6.670 GC heap after
{Heap after GC invocations=10 (full 0):
 garbage-first heap   total 97280K, used 60266K [0x0000000080000000, 0x0000000100000000)
  region size 1024K, 5 young (5120K), 5 survivors (5120K)
 Metaspace       used 36538K, committed 37440K, reserved 1114112K
  class space    used 5141K, committed 5568K, reserved 1048576K
}
Event: 7.240 GC heap before
{Heap before GC invocations=10 (full 0):
 garbage-first heap   total 97280K, used 85866K [0x0000000080000000, 0x0000000100000000)
  region size 1024K, 30 young (30720K), 5 survivors (5120K)
 Metaspace       used 40137K, committed 41088K, reserved 1114112K
  class space    used 5701K, committed 6144K, reserved 1048576K
}
Event: 7.247 GC heap after
{Heap after GC invocations=11 (full 0):
 garbage-first heap   total 97280K, used 61793K [0x0000000080000000, 0x0000000100000000)
  region size 1024K, 2 young (2048K), 2 survivors (2048K)
 Metaspace       used 40137K, committed 41088K, reserved 1114112K
  class space    used 5701K, committed 6144K, reserved 1048576K
}
Event: 7.856 GC heap before
{Heap before GC invocations=11 (full 0):
 garbage-first heap   total 97280K, used 85345K [0x0000000080000000, 0x0000000100000000)
  region size 1024K, 26 young (26624K), 2 survivors (2048K)
 Metaspace       used 45609K, committed 46528K, reserved 1114112K
  class space    used 6314K, committed 6720K, reserved 1048576K
}
Event: 7.861 GC heap after
{Heap after GC invocations=12 (full 0):
 garbage-first heap   total 97280K, used 64240K [0x0000000080000000, 0x0000000100000000)
  region size 1024K, 4 young (4096K), 4 survivors (4096K)
 Metaspace       used 45609K, committed 46528K, reserved 1114112K
  class space    used 6314K, committed 6720K, reserved 1048576K
}

